{"D:\\Documents\\web\\aperture_academy\\src\\js\\components\\validaciones.js": {"path":"D:\\Documents\\web\\aperture_academy\\src\\js\\components\\validaciones.js","statementMap":{"0":{"start":{"line":1,"column":30},"end":{"line":12,"column":1}},"1":{"start":{"line":2,"column":21},"end":{"line":2,"column":22}},"2":{"start":{"line":3,"column":2},"end":{"line":9,"column":3}},"3":{"start":{"line":4,"column":4},"end":{"line":8,"column":51}},"4":{"start":{"line":5,"column":22},"end":{"line":5,"column":65}},"5":{"start":{"line":6,"column":6},"end":{"line":6,"column":51}},"6":{"start":{"line":7,"column":6},"end":{"line":7,"column":21}},"7":{"start":{"line":8,"column":11},"end":{"line":8,"column":51}},"8":{"start":{"line":10,"column":2},"end":{"line":10,"column":38}},"9":{"start":{"line":10,"column":25},"end":{"line":10,"column":38}},"10":{"start":{"line":11,"column":2},"end":{"line":11,"column":14}},"11":{"start":{"line":14,"column":29},"end":{"line":29,"column":1}},"12":{"start":{"line":15,"column":2},"end":{"line":28,"column":3}},"13":{"start":{"line":19,"column":20},"end":{"line":19,"column":105}},"14":{"start":{"line":20,"column":4},"end":{"line":20,"column":49}},"15":{"start":{"line":21,"column":4},"end":{"line":21,"column":17}},"16":{"start":{"line":23,"column":4},"end":{"line":26,"column":5}},"17":{"start":{"line":24,"column":6},"end":{"line":24,"column":46}},"18":{"start":{"line":25,"column":6},"end":{"line":25,"column":18}},"19":{"start":{"line":27,"column":4},"end":{"line":27,"column":17}},"20":{"start":{"line":31,"column":29},"end":{"line":39,"column":1}},"21":{"start":{"line":32,"column":2},"end":{"line":37,"column":3}},"22":{"start":{"line":33,"column":4},"end":{"line":33,"column":44}},"23":{"start":{"line":34,"column":4},"end":{"line":34,"column":16}},"24":{"start":{"line":35,"column":9},"end":{"line":37,"column":3}},"25":{"start":{"line":36,"column":4},"end":{"line":36,"column":84}},"26":{"start":{"line":38,"column":2},"end":{"line":38,"column":15}},"27":{"start":{"line":41,"column":34},"end":{"line":47,"column":1}},"28":{"start":{"line":42,"column":2},"end":{"line":46,"column":3}},"29":{"start":{"line":43,"column":4},"end":{"line":45,"column":7}},"30":{"start":{"line":44,"column":6},"end":{"line":44,"column":75}},"31":{"start":{"line":44,"column":35},"end":{"line":44,"column":75}}},"fnMap":{"0":{"name":"(anonymous_0)","decl":{"start":{"line":1,"column":30},"end":{"line":1,"column":31}},"loc":{"start":{"line":1,"column":45},"end":{"line":12,"column":1}},"line":1},"1":{"name":"(anonymous_1)","decl":{"start":{"line":14,"column":29},"end":{"line":14,"column":30}},"loc":{"start":{"line":14,"column":56},"end":{"line":29,"column":1}},"line":14},"2":{"name":"(anonymous_2)","decl":{"start":{"line":31,"column":29},"end":{"line":31,"column":30}},"loc":{"start":{"line":31,"column":47},"end":{"line":39,"column":1}},"line":31},"3":{"name":"(anonymous_3)","decl":{"start":{"line":41,"column":34},"end":{"line":41,"column":35}},"loc":{"start":{"line":41,"column":49},"end":{"line":47,"column":1}},"line":41},"4":{"name":"(anonymous_4)","decl":{"start":{"line":43,"column":39},"end":{"line":43,"column":40}},"loc":{"start":{"line":43,"column":45},"end":{"line":45,"column":5}},"line":43}},"branchMap":{"0":{"loc":{"start":{"line":4,"column":4},"end":{"line":8,"column":51}},"type":"if","locations":[{"start":{"line":4,"column":4},"end":{"line":8,"column":51}},{"start":{"line":4,"column":4},"end":{"line":8,"column":51}}],"line":4},"1":{"loc":{"start":{"line":10,"column":2},"end":{"line":10,"column":38}},"type":"if","locations":[{"start":{"line":10,"column":2},"end":{"line":10,"column":38}},{"start":{"line":10,"column":2},"end":{"line":10,"column":38}}],"line":10},"2":{"loc":{"start":{"line":15,"column":2},"end":{"line":28,"column":3}},"type":"if","locations":[{"start":{"line":15,"column":2},"end":{"line":28,"column":3}},{"start":{"line":15,"column":2},"end":{"line":28,"column":3}}],"line":15},"3":{"loc":{"start":{"line":16,"column":4},"end":{"line":17,"column":31}},"type":"binary-expr","locations":[{"start":{"line":16,"column":5},"end":{"line":16,"column":22}},{"start":{"line":16,"column":26},"end":{"line":16,"column":53}},{"start":{"line":17,"column":4},"end":{"line":17,"column":31}}],"line":16},"4":{"loc":{"start":{"line":23,"column":4},"end":{"line":26,"column":5}},"type":"if","locations":[{"start":{"line":23,"column":4},"end":{"line":26,"column":5}},{"start":{"line":23,"column":4},"end":{"line":26,"column":5}}],"line":23},"5":{"loc":{"start":{"line":32,"column":2},"end":{"line":37,"column":3}},"type":"if","locations":[{"start":{"line":32,"column":2},"end":{"line":37,"column":3}},{"start":{"line":32,"column":2},"end":{"line":37,"column":3}}],"line":32},"6":{"loc":{"start":{"line":35,"column":9},"end":{"line":37,"column":3}},"type":"if","locations":[{"start":{"line":35,"column":9},"end":{"line":37,"column":3}},{"start":{"line":35,"column":9},"end":{"line":37,"column":3}}],"line":35},"7":{"loc":{"start":{"line":44,"column":6},"end":{"line":44,"column":75}},"type":"if","locations":[{"start":{"line":44,"column":6},"end":{"line":44,"column":75}},{"start":{"line":44,"column":6},"end":{"line":44,"column":75}}],"line":44}},"s":{"0":1,"1":2,"2":2,"3":2,"4":1,"5":1,"6":1,"7":1,"8":2,"9":1,"10":1,"11":1,"12":4,"13":2,"14":2,"15":2,"16":2,"17":1,"18":1,"19":1,"20":1,"21":0,"22":0,"23":0,"24":0,"25":0,"26":0,"27":1,"28":0,"29":0,"30":0,"31":0},"f":{"0":2,"1":4,"2":0,"3":0,"4":0},"b":{"0":[1,1],"1":[1,1],"2":[2,2],"3":[4,3,3],"4":[1,1],"5":[0,0],"6":[0,0],"7":[0,0]},"_coverageSchema":"1a1c01bbd47fc00a2c39e90264f33305004495a9","hash":"10e1a4d42b2c864311abe868c17578253f635f75"}
}
